<?xml version="1.0" encoding="UTF-8"?>
<testng-results skipped="0" failed="0" total="1" passed="1">
  <reporter-output>
  </reporter-output>
  <suite name="Default suite" duration-ms="4525" started-at="2020-06-14T15:02:15Z" finished-at="2020-06-14T15:02:20Z">
    <groups>
    </groups>
    <test name="Default test" duration-ms="4525" started-at="2020-06-14T15:02:15Z" finished-at="2020-06-14T15:02:20Z">
      <class name="restAssured.ExcelDDD">
        <test-method status="PASS" signature="addBook()[pri:0, instance:restAssured.ExcelDDD@c0663d]" name="addBook" duration-ms="4499" started-at="2020-06-14T20:32:15Z" finished-at="2020-06-14T20:32:20Z">
          <reporter-output>
          </reporter-output>
        </test-method> <!-- addBook -->
      </class> <!-- restAssured.ExcelDDD -->
    </test> <!-- Default test -->
  </suite> <!-- Default suite -->
</testng-results>
